<?xml version="1.0" encoding="UTF-8"?>
<!-- Generated by org.testng.reporters.JUnitReportReporter -->
<testsuite hostname="DESKTOP-3VCTBOU" name="org.read.B" tests="1" failures="0" timestamp="4 May 2020 07:41:34 GMT" time="0.037" errors="0">
  <testcase name="test1" time="0.037" classname="org.read.B"/>
</testsuite> <!-- org.read.B -->
