<?xml version="1.0" encoding="UTF-8"?>
<!-- Generated by org.testng.reporters.JUnitReportReporter -->
<testsuite hostname="DESKTOP-3VCTBOU" name="org.read.A" tests="2" failures="0" timestamp="8 May 2020 07:21:11 GMT" time="0.066" errors="0">
  <testcase name="test3" time="0.030" classname="org.read.A"/>
  <testcase name="test4" time="0.036" classname="org.read.A"/>
</testsuite> <!-- org.read.A -->
